[debug] [2024-01-07T23:11:34.720Z] ----------------------------------------------------------------------
[debug] [2024-01-07T23:11:34.723Z] Command:       C:\Program Files\nodejs\node.exe C:\Users\Boluw\AppData\Roaming\npm\node_modules\firebase-tools\lib\bin\firebase.js init
[debug] [2024-01-07T23:11:34.723Z] CLI Version:   13.0.2
[debug] [2024-01-07T23:11:34.724Z] Platform:      win32
[debug] [2024-01-07T23:11:34.724Z] Node Version:  v21.1.0
[debug] [2024-01-07T23:11:34.724Z] Time:          Sun Jan 07 2024 23:11:34 GMT+0000 (Greenwich Mean Time)
[debug] [2024-01-07T23:11:34.724Z] ----------------------------------------------------------------------
[debug] 
[debug] [2024-01-07T23:11:34.727Z] >>> [apiv2][query] GET https://firebase-public.firebaseio.com/cli.json [none]
[debug] [2024-01-07T23:11:34.788Z] > command requires scopes: ["email","openid","https://www.googleapis.com/auth/cloudplatformprojects.readonly","https://www.googleapis.com/auth/firebase","https://www.googleapis.com/auth/cloud-platform"]
[debug] [2024-01-07T23:11:34.789Z] > authorizing via signed-in user (bfayjob@gmail.com)
[info] 
     ######## #### ########  ######## ########     ###     ######  ########
     ##        ##  ##     ## ##       ##     ##  ##   ##  ##       ##
     ######    ##  ########  ######   ########  #########  ######  ######
     ##        ##  ##    ##  ##       ##     ## ##     ##       ## ##
     ##       #### ##     ## ######## ########  ##     ##  ######  ########

You're about to initialize a Firebase project in this directory:

  C:\Users\Boluw\Documents\bmfapp

[debug] [2024-01-07T23:11:35.383Z] <<< [apiv2][status] GET https://firebase-public.firebaseio.com/cli.json 200
[debug] [2024-01-07T23:11:35.385Z] <<< [apiv2][body] GET https://firebase-public.firebaseio.com/cli.json {"cloudBuildErrorAfter":1594252800000,"cloudBuildWarnAfter":1590019200000,"defaultNode10After":1594252800000,"minVersion":"3.0.5","node8DeploysDisabledAfter":1613390400000,"node8RuntimeDisabledAfter":1615809600000,"node8WarnAfter":1600128000000}
